<?xml version="1.0" encoding="UTF-8"?>
<!-- Generated by org.testng.reporters.JUnitReportReporter -->
<testsuite hostname="DESKTOP-3998F91" failures="0" tests="1" name="com.mvn.GeneralStore" time="66.183" errors="0" timestamp="2024-08-22T17:51:35 IST" skipped="0">
  <testcase classname="com.mvn.GeneralStore" name="test" time="66.183"/>
</testsuite> <!-- com.mvn.GeneralStore -->
