<?xml version="1.0" encoding="UTF-8"?>
<!-- Generated by org.testng.reporters.JUnitReportReporter -->
<testsuite hostname="DESKTOP-3998F91" failures="0" tests="1" name="com.mvn.OpenApiEmulator" time="12.260" errors="0" timestamp="2024-08-22T17:17:00 IST" skipped="0">
  <testcase classname="com.mvn.OpenApiEmulator" name="test" time="12.260"/>
</testsuite> <!-- com.mvn.OpenApiEmulator -->
