<?xml version="1.0" encoding="UTF-8"?>
<!-- Generated by org.testng.reporters.JUnitReportReporter -->
<testsuite hostname="DESKTOP-3998F91" failures="0" tests="1" name="com.mvn.RdScrolling" time="18.062" errors="0" timestamp="2024-08-22T18:10:13 IST" skipped="0">
  <testcase classname="com.mvn.RdScrolling" name="Test" time="18.062"/>
</testsuite> <!-- com.mvn.RdScrolling -->
