<?xml version="1.0" encoding="UTF-8"?>
<!-- Generated by org.testng.reporters.JUnitReportReporter -->
<testsuite hostname="DESKTOP-3998F91" failures="0" tests="1" name="com.mvn.ApiDemoSwipeaction" time="27.704" errors="0" timestamp="2024-08-22T17:55:55 IST" skipped="0">
  <testcase classname="com.mvn.ApiDemoSwipeaction" name="functions" time="27.704"/>
</testsuite> <!-- com.mvn.ApiDemoSwipeaction -->
