<?xml version="1.0" encoding="UTF-8"?>
<!-- Generated by org.testng.reporters.JUnitReportReporter -->
<testsuite hostname="DESKTOP-3998F91" failures="0" tests="1" name="com.mvn.OppoCalcu" time="148.837" errors="0" timestamp="2024-08-22T18:33:08 IST" skipped="0">
  <testcase classname="com.mvn.OppoCalcu" name="managecal" time="148.837"/>
</testsuite> <!-- com.mvn.OppoCalcu -->
