<?xml version="1.0" encoding="UTF-8"?>
<!-- Generated by org.testng.reporters.JUnitReportReporter -->
<testsuite hostname="DESKTOP-3998F91" failures="0" tests="1" name="com.mvn.RdLong" time="81.391" errors="0" timestamp="2024-08-22T18:07:09 IST" skipped="0">
  <testcase classname="com.mvn.RdLong" name="test" time="81.391"/>
</testsuite> <!-- com.mvn.RdLong -->
